2023-05-03 21:51:01,980 - __main__ - INFO - Performance on slices of data based on education
2023-05-03 21:51:02,203 - __main__ - INFO - education = Bachelors
2023-05-03 21:51:02,204 - __main__ - INFO - data size: 5355
2023-05-03 21:51:02,208 - __main__ - INFO - precision: 0.754781, recall: 0.799640, fbeta: 0.776563
2023-05-03 21:51:02,208 - __main__ - INFO - -------------------------------------------------
2023-05-03 21:51:02,209 - __main__ - INFO - education = HS-grad
2023-05-03 21:51:02,209 - __main__ - INFO - data size: 10501
2023-05-03 21:51:02,215 - __main__ - INFO - precision: 0.728907, recall: 0.314627, fbeta: 0.439533
2023-05-03 21:51:02,215 - __main__ - INFO - -------------------------------------------------
2023-05-03 21:51:02,216 - __main__ - INFO - education = 11th
2023-05-03 21:51:02,216 - __main__ - INFO - data size: 1175
2023-05-03 21:51:02,218 - __main__ - INFO - precision: 1.000000, recall: 0.350000, fbeta: 0.518519
2023-05-03 21:51:02,218 - __main__ - INFO - -------------------------------------------------
2023-05-03 21:51:02,219 - __main__ - INFO - education = Masters
2023-05-03 21:51:02,219 - __main__ - INFO - data size: 1723
2023-05-03 21:51:02,221 - __main__ - INFO - precision: 0.811321, recall: 0.851929, fbeta: 0.831129
2023-05-03 21:51:02,221 - __main__ - INFO - -------------------------------------------------
2023-05-03 21:51:02,222 - __main__ - INFO - education = 9th
2023-05-03 21:51:02,222 - __main__ - INFO - data size: 514
2023-05-03 21:51:02,224 - __main__ - INFO - precision: 1.000000, recall: 0.111111, fbeta: 0.200000
2023-05-03 21:51:02,224 - __main__ - INFO - -------------------------------------------------
2023-05-03 21:51:02,225 - __main__ - INFO - education = Some-college
2023-05-03 21:51:02,225 - __main__ - INFO - data size: 7291
2023-05-03 21:51:02,230 - __main__ - INFO - precision: 0.693596, recall: 0.507570, fbeta: 0.586178
2023-05-03 21:51:02,230 - __main__ - INFO - -------------------------------------------------
2023-05-03 21:51:02,231 - __main__ - INFO - education = Assoc-acdm
2023-05-03 21:51:02,231 - __main__ - INFO - data size: 1067
2023-05-03 21:51:02,233 - __main__ - INFO - precision: 0.732323, recall: 0.547170, fbeta: 0.626350
2023-05-03 21:51:02,233 - __main__ - INFO - -------------------------------------------------
2023-05-03 21:51:02,234 - __main__ - INFO - education = Assoc-voc
2023-05-03 21:51:02,234 - __main__ - INFO - data size: 1382
2023-05-03 21:51:02,236 - __main__ - INFO - precision: 0.716102, recall: 0.468144, fbeta: 0.566164
2023-05-03 21:51:02,236 - __main__ - INFO - -------------------------------------------------
2023-05-03 21:51:02,237 - __main__ - INFO - education = 7th-8th
2023-05-03 21:51:02,237 - __main__ - INFO - data size: 646
2023-05-03 21:51:02,239 - __main__ - INFO - precision: 0.700000, recall: 0.175000, fbeta: 0.280000
2023-05-03 21:51:02,239 - __main__ - INFO - -------------------------------------------------
2023-05-03 21:51:02,240 - __main__ - INFO - education = Doctorate
2023-05-03 21:51:02,240 - __main__ - INFO - data size: 413
2023-05-03 21:51:02,241 - __main__ - INFO - precision: 0.858108, recall: 0.830065, fbeta: 0.843854
2023-05-03 21:51:02,241 - __main__ - INFO - -------------------------------------------------
2023-05-03 21:51:02,242 - __main__ - INFO - education = Prof-school
2023-05-03 21:51:02,242 - __main__ - INFO - data size: 576
2023-05-03 21:51:02,244 - __main__ - INFO - precision: 0.880952, recall: 0.874704, fbeta: 0.877817
2023-05-03 21:51:02,244 - __main__ - INFO - -------------------------------------------------
2023-05-03 21:51:02,245 - __main__ - INFO - education = 5th-6th
2023-05-03 21:51:02,245 - __main__ - INFO - data size: 333
2023-05-03 21:51:02,246 - __main__ - INFO - precision: 0.833333, recall: 0.312500, fbeta: 0.454545
2023-05-03 21:51:02,246 - __main__ - INFO - -------------------------------------------------
2023-05-03 21:51:02,247 - __main__ - INFO - education = 10th
2023-05-03 21:51:02,247 - __main__ - INFO - data size: 933
2023-05-03 21:51:02,249 - __main__ - INFO - precision: 1.000000, recall: 0.258065, fbeta: 0.410256
2023-05-03 21:51:02,249 - __main__ - INFO - -------------------------------------------------
2023-05-03 21:51:02,250 - __main__ - INFO - education = 1st-4th
2023-05-03 21:51:02,250 - __main__ - INFO - data size: 168
2023-05-03 21:51:02,252 - __main__ - INFO - precision: 0.500000, recall: 0.166667, fbeta: 0.250000
2023-05-03 21:51:02,252 - __main__ - INFO - -------------------------------------------------
2023-05-03 21:51:02,253 - __main__ - INFO - education = Preschool
2023-05-03 21:51:02,253 - __main__ - INFO - data size: 51
2023-05-03 21:51:02,254 - __main__ - INFO - precision: 0.000000, recall: 1.000000, fbeta: 0.000000
2023-05-03 21:51:02,254 - __main__ - INFO - -------------------------------------------------
2023-05-03 21:51:02,255 - __main__ - INFO - education = 12th
2023-05-03 21:51:02,255 - __main__ - INFO - data size: 433
2023-05-03 21:51:02,256 - __main__ - INFO - precision: 0.500000, recall: 0.303030, fbeta: 0.377358
2023-05-03 21:51:02,256 - __main__ - INFO - -------------------------------------------------
